#
# There is insufficient memory for the Java Runtime Environment to continue.
# Native memory allocation (malloc) failed to allocate 1217776 bytes for Chunk::new
# Possible reasons:
#   The system is out of physical RAM or swap space
#   The process is running with CompressedOops enabled, and the Java Heap may be blocking the growth of the native heap
# Possible solutions:
#   Reduce memory load on the system
#   Increase physical memory or swap space
#   Check if swap backing store is full
#   Decrease Java heap size (-Xmx/-Xms)
#   Decrease number of Java threads
#   Decrease Java thread stack sizes (-Xss)
#   Set larger code cache with -XX:ReservedCodeCacheSize=
#   JVM is running with Unscaled Compressed Oops mode in which the Java heap is
#     placed in the first 4GB address space. The Java Heap base address is the
#     maximum limit for the native heap growth. Please use -XX:HeapBaseMinAddress
#     to set the Java Heap base and to place the Java Heap above 4GB virtual address.
# This output file may be truncated or incomplete.
#
#  Out of Memory Error (./src/hotspot/share/memory/arena.cpp:197), pid=10156, tid=11404
#
# JRE version: OpenJDK Runtime Environment (11.0.12+7) (build 11.0.12+7-b1504.28-7817840)
# Java VM: OpenJDK 64-Bit Server VM (11.0.12+7-b1504.28-7817840, mixed mode, tiered, compressed oops, g1 gc, windows-amd64)
# No core dump will be written. Minidumps are not enabled by default on client versions of Windows
#

---------------  S U M M A R Y ------------

Command Line: org.jetbrains.kotlin.cli.jvm.K2JVMCompiler @C:\Users\ochuhvitskyy\AndroidStudioProjects\Clean\app\build\20220920_17239523832308721505.compiler.options

Host: Intel(R) Core(TM) i3-9100F CPU @ 3.60GHz, 4 cores, 3G,  Windows 10 , 64 bit Build 19041 (10.0.19041.1889)
Time: Tue Sep 20 11:20:43 2022 Ô³íëÿíä³ÿ (ë³òî) elapsed time: 3.496255 seconds (0d 0h 0m 3s)

---------------  T H R E A D  ---------------

Current thread (0x0000027d3495f800):  JavaThread "C2 CompilerThread1" daemon [_thread_in_native, id=11404, stack(0x000000ba91d00000,0x000000ba91e00000)]


Current CompileTask:
C2:   3496 5428   !   4       jdk.internal.loader.BuiltinClassLoader::findClassOnClassPathOrNull (64 bytes)

Stack: [0x000000ba91d00000,0x000000ba91e00000]
Native frames: (J=compiled Java code, j=interpreted, Vv=VM code, C=native code)
V  [jvm.dll+0x5fbcea]
V  [jvm.dll+0x731905]
V  [jvm.dll+0x732f1d]
V  [jvm.dll+0x7335d3]
V  [jvm.dll+0x247bf8]
V  [jvm.dll+0xc018c]
V  [jvm.dll+0xc06cc]
V  [jvm.dll+0x2bcc04]
V  [jvm.dll+0x5113a8]
V  [jvm.dll+0x208303]
V  [jvm.dll+0x201fe0]
V  [jvm.dll+0x1ff71f]
V  [jvm.dll+0x18868c]
V  [jvm.dll+0x20e0d7]
V  [jvm.dll+0x20c901]
V  [jvm.dll+0x6f9b7f]
V  [jvm.dll+0x6f26a5]
V  [jvm.dll+0x5fabf6]
C  [ucrtbase.dll+0x21bb2]
C  [KERNEL32.DLL+0x17034]
C  [ntdll.dll+0x52651]


---------------  P R O C E S S  ---------------

Threads class SMR info:
_java_thread_list=0x0000027d36af9000, length=11, elements={
0x0000027d1a98b800, 0x0000027d34615800, 0x0000027d3461e800, 0x0000027d34676000,
0x0000027d34678000, 0x0000027d34679000, 0x0000027d3467e800, 0x0000027d34681800,
0x0000027d3468d000, 0x0000027d34904000, 0x0000027d3495f800
}

Java Threads: ( => current thread )
  0x0000027d1a98b800 JavaThread "main" [_thread_in_Java, id=7524, stack(0x000000ba90c00000,0x000000ba90d00000)]
  0x0000027d34615800 JavaThread "Reference Handler" daemon [_thread_blocked, id=10016, stack(0x000000ba91300000,0x000000ba91400000)]
  0x0000027d3461e800 JavaThread "Finalizer" daemon [_thread_blocked, id=6896, stack(0x000000ba91400000,0x000000ba91500000)]
  0x0000027d34676000 JavaThread "Signal Dispatcher" daemon [_thread_blocked, id=10192, stack(0x000000ba91500000,0x000000ba91600000)]
  0x0000027d34678000 JavaThread "Attach Listener" daemon [_thread_blocked, id=12592, stack(0x000000ba91600000,0x000000ba91700000)]
  0x0000027d34679000 JavaThread "Service Thread" daemon [_thread_blocked, id=10520, stack(0x000000ba91700000,0x000000ba91800000)]
  0x0000027d3467e800 JavaThread "C2 CompilerThread0" daemon [_thread_in_native, id=12672, stack(0x000000ba91800000,0x000000ba91900000)]
  0x0000027d34681800 JavaThread "C1 CompilerThread0" daemon [_thread_in_native, id=4084, stack(0x000000ba91900000,0x000000ba91a00000)]
  0x0000027d3468d000 JavaThread "Sweeper thread" daemon [_thread_blocked, id=6728, stack(0x000000ba91a00000,0x000000ba91b00000)]
  0x0000027d34904000 JavaThread "Common-Cleaner" daemon [_thread_blocked, id=13564, stack(0x000000ba91c00000,0x000000ba91d00000)]
=>0x0000027d3495f800 JavaThread "C2 CompilerThread1" daemon [_thread_in_native, id=11404, stack(0x000000ba91d00000,0x000000ba91e00000)]

Other Threads:
  0x0000027d345f2000 VMThread "VM Thread" [stack: 0x000000ba91200000,0x000000ba91300000] [id=5992]
  0x0000027d348fd800 WatcherThread [stack: 0x000000ba91b00000,0x000000ba91c00000] [id=8680]
  0x0000027d1a9a3000 GCTaskThread "GC Thread#0" [stack: 0x000000ba90d00000,0x000000ba90e00000] [id=8548]
  0x0000027d34d35000 GCTaskThread "GC Thread#1" [stack: 0x000000ba91e00000,0x000000ba91f00000] [id=3612]
  0x0000027d1a9c0800 ConcurrentGCThread "G1 Main Marker" [stack: 0x000000ba90e00000,0x000000ba90f00000] [id=1528]
  0x0000027d1a9c3800 ConcurrentGCThread "G1 Conc#0" [stack: 0x000000ba90f00000,0x000000ba91000000] [id=3516]
  0x0000027d1aa1c800 ConcurrentGCThread "G1 Refine#0" [stack: 0x000000ba91000000,0x000000ba91100000] [id=9296]
  0x0000027d1aa1d800 ConcurrentGCThread "G1 Young RemSet Sampling" [stack: 0x000000ba91100000,0x000000ba91200000] [id=10236]

Threads with active compile tasks:
C2 CompilerThread0   3524 5397       4       jdk.internal.loader.BuiltinClassLoader::loadClass (22 bytes)
C2 CompilerThread1   3524 5428   !   4       jdk.internal.loader.BuiltinClassLoader::findClassOnClassPathOrNull (64 bytes)

VM state:not at safepoint (normal execution)

VM Mutex/Monitor currently owned by a thread: None

Heap address: 0x00000000c0c00000, size: 1012 MB, Compressed Oops mode: 32-bit
Narrow klass base: 0x0000000000000000, Narrow klass shift: 3
Compressed class space size: 1073741824 Address: 0x0000000100000000

Heap:
 garbage-first heap   total 98304K, used 69632K [0x00000000c0c00000, 0x0000000100000000)
  region size 1024K, 33 young (33792K), 5 survivors (5120K)
 Metaspace       used 54098K, capacity 54665K, committed 54992K, reserved 1097728K
  class space    used 6196K, capacity 6403K, committed 6528K, reserved 1048576K
Heap Regions: E=young(eden), S=young(survivor), O=old, HS=humongous(starts), HC=humongous(continues), CS=collection set, F=free, A=archive, TAMS=top-at-mark-start (previous, next)
|   0|0x00000000c0c00000, 0x00000000c0d00000, 0x00000000c0d00000|100%|HS|  |TAMS 0x00000000c0d00000, 0x00000000c0c00000| Complete 
|   1|0x00000000c0d00000, 0x00000000c0e00000, 0x00000000c0e00000|100%|HC|  |TAMS 0x00000000c0e00000, 0x00000000c0d00000| Complete 
|   2|0x00000000c0e00000, 0x00000000c0f00000, 0x00000000c0f00000|100%|HC|  |TAMS 0x00000000c0f00000, 0x00000000c0e00000| Complete 
|   3|0x00000000c0f00000, 0x00000000c1000000, 0x00000000c1000000|100%| O|  |TAMS 0x00000000c1000000, 0x00000000c0f00000| Untracked 
|   4|0x00000000c1000000, 0x00000000c1100000, 0x00000000c1100000|100%| O|  |TAMS 0x00000000c1100000, 0x00000000c1000000| Untracked 
|   5|0x00000000c1100000, 0x00000000c1200000, 0x00000000c1200000|100%| O|  |TAMS 0x00000000c1200000, 0x00000000c1100000| Untracked 
|   6|0x00000000c1200000, 0x00000000c1300000, 0x00000000c1300000|100%| O|  |TAMS 0x00000000c1300000, 0x00000000c1200000| Untracked 
|   7|0x00000000c1300000, 0x00000000c1400000, 0x00000000c1400000|100%| O|  |TAMS 0x00000000c1400000, 0x00000000c1300000| Untracked 
|   8|0x00000000c1400000, 0x00000000c1500000, 0x00000000c1500000|100%| O|  |TAMS 0x00000000c1500000, 0x00000000c1400000| Untracked 
|   9|0x00000000c1500000, 0x00000000c1600000, 0x00000000c1600000|100%|HS|  |TAMS 0x00000000c1600000, 0x00000000c1500000| Complete 
|  10|0x00000000c1600000, 0x00000000c1700000, 0x00000000c1700000|100%|HC|  |TAMS 0x00000000c1700000, 0x00000000c1600000| Complete 
|  11|0x00000000c1700000, 0x00000000c1800000, 0x00000000c1800000|100%|HC|  |TAMS 0x00000000c1800000, 0x00000000c1700000| Complete 
|  12|0x00000000c1800000, 0x00000000c1900000, 0x00000000c1900000|100%| O|  |TAMS 0x00000000c1800000, 0x00000000c1800000| Untracked 
|  13|0x00000000c1900000, 0x00000000c1a00000, 0x00000000c1a00000|100%| O|  |TAMS 0x00000000c1900000, 0x00000000c1900000| Untracked 
|  14|0x00000000c1a00000, 0x00000000c1b00000, 0x00000000c1b00000|100%| O|  |TAMS 0x00000000c1b00000, 0x00000000c1a00000| Untracked 
|  15|0x00000000c1b00000, 0x00000000c1c00000, 0x00000000c1c00000|100%| O|  |TAMS 0x00000000c1c00000, 0x00000000c1b00000| Untracked 
|  16|0x00000000c1c00000, 0x00000000c1d00000, 0x00000000c1d00000|100%| O|  |TAMS 0x00000000c1d00000, 0x00000000c1c00000| Untracked 
|  17|0x00000000c1d00000, 0x00000000c1e00000, 0x00000000c1e00000|100%| O|  |TAMS 0x00000000c1e00000, 0x00000000c1d00000| Untracked 
|  18|0x00000000c1e00000, 0x00000000c1f00000, 0x00000000c1f00000|100%| O|  |TAMS 0x00000000c1f00000, 0x00000000c1e00000| Untracked 
|  19|0x00000000c1f00000, 0x00000000c2000000, 0x00000000c2000000|100%| O|  |TAMS 0x00000000c1ff7200, 0x00000000c1f00000| Untracked 
|  20|0x00000000c2000000, 0x00000000c2100000, 0x00000000c2100000|100%|HS|  |TAMS 0x00000000c2000000, 0x00000000c2000000| Complete 
|  21|0x00000000c2100000, 0x00000000c2200000, 0x00000000c2200000|100%|HC|  |TAMS 0x00000000c2100000, 0x00000000c2100000| Complete 
|  22|0x00000000c2200000, 0x00000000c2300000, 0x00000000c2300000|100%| O|  |TAMS 0x00000000c2200000, 0x00000000c2200000| Untracked 
|  23|0x00000000c2300000, 0x00000000c2400000, 0x00000000c2400000|100%| O|  |TAMS 0x00000000c2300000, 0x00000000c2300000| Untracked 
|  24|0x00000000c2400000, 0x00000000c2500000, 0x00000000c2500000|100%| O|  |TAMS 0x00000000c2400000, 0x00000000c2400000| Untracked 
|  25|0x00000000c2500000, 0x00000000c2600000, 0x00000000c2600000|100%| O|  |TAMS 0x00000000c2500000, 0x00000000c2500000| Untracked 
|  26|0x00000000c2600000, 0x00000000c2700000, 0x00000000c2700000|100%| O|  |TAMS 0x00000000c2600000, 0x00000000c2600000| Untracked 
|  27|0x00000000c2700000, 0x00000000c2800000, 0x00000000c2800000|100%| O|  |TAMS 0x00000000c2700000, 0x00000000c2700000| Untracked 
|  28|0x00000000c2800000, 0x00000000c2900000, 0x00000000c2900000|100%| O|  |TAMS 0x00000000c2800000, 0x00000000c2800000| Untracked 
|  29|0x00000000c2900000, 0x00000000c2a00000, 0x00000000c2a00000|100%| O|  |TAMS 0x00000000c2900000, 0x00000000c2900000| Untracked 
|  30|0x00000000c2a00000, 0x00000000c2b00000, 0x00000000c2b00000|100%| O|  |TAMS 0x00000000c2a00000, 0x00000000c2a00000| Untracked 
|  31|0x00000000c2b00000, 0x00000000c2c00000, 0x00000000c2c00000|100%| O|  |TAMS 0x00000000c2b00000, 0x00000000c2b00000| Untracked 
|  32|0x00000000c2c00000, 0x00000000c2d00000, 0x00000000c2d00000|100%| O|  |TAMS 0x00000000c2c00000, 0x00000000c2c00000| Untracked 
|  33|0x00000000c2d00000, 0x00000000c2e00000, 0x00000000c2e00000|100%| O|  |TAMS 0x00000000c2d00000, 0x00000000c2d00000| Untracked 
|  34|0x00000000c2e00000, 0x00000000c2f00000, 0x00000000c2f00000|100%| O|  |TAMS 0x00000000c2e00000, 0x00000000c2e00000| Untracked 
|  35|0x00000000c2f00000, 0x00000000c3000000, 0x00000000c3000000|100%| O|  |TAMS 0x00000000c2f00000, 0x00000000c2f00000| Untracked 
|  36|0x00000000c3000000, 0x00000000c3000000, 0x00000000c3100000|  0%| F|  |TAMS 0x00000000c3000000, 0x00000000c3000000| Untracked 
|  37|0x00000000c3100000, 0x00000000c3100000, 0x00000000c3200000|  0%| F|  |TAMS 0x00000000c3100000, 0x00000000c3100000| Untracked 
|  38|0x00000000c3200000, 0x00000000c3200000, 0x00000000c3300000|  0%| F|  |TAMS 0x00000000c3200000, 0x00000000c3200000| Untracked 
|  39|0x00000000c3300000, 0x00000000c3300000, 0x00000000c3400000|  0%| F|  |TAMS 0x00000000c3300000, 0x00000000c3300000| Untracked 
|  40|0x00000000c3400000, 0x00000000c3400000, 0x00000000c3500000|  0%| F|  |TAMS 0x00000000c3400000, 0x00000000c3400000| Untracked 
|  41|0x00000000c3500000, 0x00000000c3500000, 0x00000000c3600000|  0%| F|  |TAMS 0x00000000c3500000, 0x00000000c3500000| Untracked 
|  42|0x00000000c3600000, 0x00000000c3600000, 0x00000000c3700000|  0%| F|  |TAMS 0x00000000c3600000, 0x00000000c3600000| Untracked 
|  43|0x00000000c3700000, 0x00000000c3700000, 0x00000000c3800000|  0%| F|  |TAMS 0x00000000c3700000, 0x00000000c3700000| Untracked 
|  44|0x00000000c3800000, 0x00000000c3800000, 0x00000000c3900000|  0%| F|  |TAMS 0x00000000c3800000, 0x00000000c3800000| Untracked 
|  45|0x00000000c3900000, 0x00000000c3900000, 0x00000000c3a00000|  0%| F|  |TAMS 0x00000000c3900000, 0x00000000c3900000| Untracked 
|  46|0x00000000c3a00000, 0x00000000c3a00000, 0x00000000c3b00000|  0%| F|  |TAMS 0x00000000c3a00000, 0x00000000c3a00000| Untracked 
|  47|0x00000000c3b00000, 0x00000000c3b00000, 0x00000000c3c00000|  0%| F|  |TAMS 0x00000000c3b00000, 0x00000000c3b00000| Untracked 
|  48|0x00000000c3c00000, 0x00000000c3c00000, 0x00000000c3d00000|  0%| F|  |TAMS 0x00000000c3c00000, 0x00000000c3c00000| Untracked 
|  49|0x00000000c3d00000, 0x00000000c3d00000, 0x00000000c3e00000|  0%| F|  |TAMS 0x00000000c3d00000, 0x00000000c3d00000| Untracked 
|  50|0x00000000c3e00000, 0x00000000c3e00000, 0x00000000c3f00000|  0%| F|  |TAMS 0x00000000c3e00000, 0x00000000c3e00000| Untracked 
|  51|0x00000000c3f00000, 0x00000000c3f00000, 0x00000000c4000000|  0%| F|  |TAMS 0x00000000c3f00000, 0x00000000c3f00000| Untracked 
|  52|0x00000000c4000000, 0x00000000c4000000, 0x00000000c4100000|  0%| F|  |TAMS 0x00000000c4000000, 0x00000000c4000000| Untracked 
|  53|0x00000000c4100000, 0x00000000c4100000, 0x00000000c4200000|  0%| F|  |TAMS 0x00000000c4100000, 0x00000000c4100000| Untracked 
|  54|0x00000000c4200000, 0x00000000c4200000, 0x00000000c4300000|  0%| F|  |TAMS 0x00000000c4200000, 0x00000000c4200000| Untracked 
|  55|0x00000000c4300000, 0x00000000c4300000, 0x00000000c4400000|  0%| F|  |TAMS 0x00000000c4300000, 0x00000000c4300000| Untracked 
|  56|0x00000000c4400000, 0x00000000c4400000, 0x00000000c4500000|  0%| F|  |TAMS 0x00000000c4400000, 0x00000000c4400000| Untracked 
|  57|0x00000000c4500000, 0x00000000c4500000, 0x00000000c4600000|  0%| F|  |TAMS 0x00000000c4500000, 0x00000000c4500000| Untracked 
|  58|0x00000000c4600000, 0x00000000c4700000, 0x00000000c4700000|100%| S|CS|TAMS 0x00000000c4600000, 0x00000000c4600000| Complete 
|  59|0x00000000c4700000, 0x00000000c4800000, 0x00000000c4800000|100%| S|CS|TAMS 0x00000000c4700000, 0x00000000c4700000| Complete 
|  60|0x00000000c4800000, 0x00000000c4900000, 0x00000000c4900000|100%| S|CS|TAMS 0x00000000c4800000, 0x00000000c4800000| Complete 
|  61|0x00000000c4900000, 0x00000000c4a00000, 0x00000000c4a00000|100%| S|CS|TAMS 0x00000000c4900000, 0x00000000c4900000| Complete 
|  62|0x00000000c4a00000, 0x00000000c4b00000, 0x00000000c4b00000|100%| S|CS|TAMS 0x00000000c4a00000, 0x00000000c4a00000| Complete 
|  63|0x00000000c4b00000, 0x00000000c4b00000, 0x00000000c4c00000|  0%| F|  |TAMS 0x00000000c4b00000, 0x00000000c4b00000| Untracked 
|  64|0x00000000c4c00000, 0x00000000c4c00000, 0x00000000c4d00000|  0%| F|  |TAMS 0x00000000c4c00000, 0x00000000c4c00000| Untracked 
|  65|0x00000000c4d00000, 0x00000000c4d00000, 0x00000000c4e00000|  0%| F|  |TAMS 0x00000000c4d00000, 0x00000000c4d00000| Untracked 
|  66|0x00000000c4e00000, 0x00000000c4e00000, 0x00000000c4f00000|  0%| F|  |TAMS 0x00000000c4e00000, 0x00000000c4e00000| Untracked 
|  67|0x00000000c4f00000, 0x00000000c4f00000, 0x00000000c5000000|  0%| F|  |TAMS 0x00000000c4f00000, 0x00000000c4f00000| Untracked 
|  68|0x00000000c5000000, 0x00000000c5080800, 0x00000000c5100000| 50%| E|  |TAMS 0x00000000c5000000, 0x00000000c5000000| Complete 
|  69|0x00000000c5100000, 0x00000000c5200000, 0x00000000c5200000|100%| E|CS|TAMS 0x00000000c5100000, 0x00000000c5100000| Complete 
|  70|0x00000000c5200000, 0x00000000c5300000, 0x00000000c5300000|100%| E|CS|TAMS 0x00000000c5200000, 0x00000000c5200000| Complete 
|  71|0x00000000c5300000, 0x00000000c5400000, 0x00000000c5400000|100%| E|CS|TAMS 0x00000000c5300000, 0x00000000c5300000| Complete 
|  72|0x00000000c5400000, 0x00000000c5500000, 0x00000000c5500000|100%| E|CS|TAMS 0x00000000c5400000, 0x00000000c5400000| Complete 
|  73|0x00000000c5500000, 0x00000000c5600000, 0x00000000c5600000|100%| E|CS|TAMS 0x00000000c5500000, 0x00000000c5500000| Complete 
|  74|0x00000000c5600000, 0x00000000c5700000, 0x00000000c5700000|100%| E|CS|TAMS 0x00000000c5600000, 0x00000000c5600000| Complete 
|  75|0x00000000c5700000, 0x00000000c5800000, 0x00000000c5800000|100%| E|CS|TAMS 0x00000000c5700000, 0x00000000c5700000| Complete 
|  76|0x00000000c5800000, 0x00000000c5900000, 0x00000000c5900000|100%| E|CS|TAMS 0x00000000c5800000, 0x00000000c5800000| Complete 
|  77|0x00000000c5900000, 0x00000000c5a00000, 0x00000000c5a00000|100%| E|CS|TAMS 0x00000000c5900000, 0x00000000c5900000| Complete 
|  78|0x00000000c5a00000, 0x00000000c5b00000, 0x00000000c5b00000|100%| E|CS|TAMS 0x00000000c5a00000, 0x00000000c5a00000| Complete 
|  79|0x00000000c5b00000, 0x00000000c5c00000, 0x00000000c5c00000|100%| E|CS|TAMS 0x00000000c5b00000, 0x00000000c5b00000| Complete 
|  80|0x00000000c5c00000, 0x00000000c5d00000, 0x00000000c5d00000|100%| E|CS|TAMS 0x00000000c5c00000, 0x00000000c5c00000| Complete 
|  81|0x00000000c5d00000, 0x00000000c5e00000, 0x00000000c5e00000|100%| E|CS|TAMS 0x00000000c5d00000, 0x00000000c5d00000| Complete 
|  82|0x00000000c5e00000, 0x00000000c5f00000, 0x00000000c5f00000|100%| E|CS|TAMS 0x00000000c5e00000, 0x00000000c5e00000| Complete 
|  83|0x00000000c5f00000, 0x00000000c6000000, 0x00000000c6000000|100%| E|CS|TAMS 0x00000000c5f00000, 0x00000000c5f00000| Complete 
|  84|0x00000000c6000000, 0x00000000c6100000, 0x00000000c6100000|100%| E|CS|TAMS 0x00000000c6000000, 0x00000000c6000000| Complete 
|  85|0x00000000c6100000, 0x00000000c6200000, 0x00000000c6200000|100%| E|CS|TAMS 0x00000000c6100000, 0x00000000c6100000| Complete 
|  86|0x00000000c6200000, 0x00000000c6300000, 0x00000000c6300000|100%| E|CS|TAMS 0x00000000c6200000, 0x00000000c6200000| Complete 
|  87|0x00000000c6300000, 0x00000000c6400000, 0x00000000c6400000|100%| E|CS|TAMS 0x00000000c6300000, 0x00000000c6300000| Complete 
|  88|0x00000000c6400000, 0x00000000c6500000, 0x00000000c6500000|100%| E|CS|TAMS 0x00000000c6400000, 0x00000000c6400000| Complete 
|  89|0x00000000c6500000, 0x00000000c6600000, 0x00000000c6600000|100%| E|CS|TAMS 0x00000000c6500000, 0x00000000c6500000| Complete 
|  90|0x00000000c6600000, 0x00000000c6700000, 0x00000000c6700000|100%| E|CS|TAMS 0x00000000c6600000, 0x00000000c6600000| Complete 
|  91|0x00000000c6700000, 0x00000000c6800000, 0x00000000c6800000|100%| E|CS|TAMS 0x00000000c6700000, 0x00000000c6700000| Complete 
|  92|0x00000000c6800000, 0x00000000c6900000, 0x00000000c6900000|100%| E|CS|TAMS 0x00000000c6800000, 0x00000000c6800000| Complete 
|  93|0x00000000c6900000, 0x00000000c6a00000, 0x00000000c6a00000|100%| E|CS|TAMS 0x00000000c6900000, 0x00000000c6900000| Complete 
|  94|0x00000000c6a00000, 0x00000000c6b00000, 0x00000000c6b00000|100%| E|CS|TAMS 0x00000000c6a00000, 0x00000000c6a00000| Complete 
|  95|0x00000000c6b00000, 0x00000000c6c00000, 0x00000000c6c00000|100%| E|CS|TAMS 0x00000000c6b00000, 0x00000000c6b00000| Complete 

Card table byte_map: [0x0000027d2f4a0000,0x0000027d2f6a0000] _byte_map_base: 0x0000027d2ee9a000

Marking Bits (Prev, Next): (CMBitMap*) 0x0000027d1a9bb838, (CMBitMap*) 0x0000027d1a9bb870
 Prev Bits: [0x0000027d2f8a0000, 0x0000027d30870000)
 Next Bits: [0x0000027d30870000, 0x0000027d31840000)

Polling page: 0x0000027d1aa70000

Metaspace:

Usage:
  Non-class:     47.19 MB capacity,    46.82 MB (>99%) used,   300.23 KB ( <1%) free+waste,    81.19 KB ( <1%) overhead. 
      Class:      6.28 MB capacity,     6.06 MB ( 96%) used,   196.60 KB (  3%) free+waste,    34.56 KB ( <1%) overhead. 
       Both:     53.48 MB capacity,    52.88 MB ( 99%) used,   496.84 KB ( <1%) free+waste,   115.75 KB ( <1%) overhead. 

Virtual space:
  Non-class space:       48.00 MB reserved,      47.33 MB ( 99%) committed 
      Class space:        1.00 GB reserved,       6.38 MB ( <1%) committed 
             Both:        1.05 GB reserved,      53.70 MB (  5%) committed 

Chunk freelists:
   Non-Class:  10.00 KB
       Class:  29.00 KB
        Both:  39.00 KB

MaxMetaspaceSize: 17179869184.00 GB
CompressedClassSpaceSize: 1.00 GB
Initial GC threshold: 20.80 MB
Current GC threshold: 58.88 MB
CDS: off

CodeHeap 'non-profiled nmethods': size=120064Kb used=2361Kb max_used=2361Kb free=117702Kb
 bounds [0x0000027d27740000, 0x0000027d279b0000, 0x0000027d2ec80000]
CodeHeap 'profiled nmethods': size=120000Kb used=13554Kb max_used=13554Kb free=106445Kb
 bounds [0x0000027d20210000, 0x0000027d20f50000, 0x0000027d27740000]
CodeHeap 'non-nmethods': size=5696Kb used=1291Kb max_used=1316Kb free=4404Kb
 bounds [0x0000027d1fc80000, 0x0000027d1fef0000, 0x0000027d20210000]
 total_blobs=6207 nmethods=5633 adapters=484
 compilation: enabled
              stopped_count=0, restarted_count=0
 full_count=0

Compilation events (20 events):
Event: 3.489 Thread 0x0000027d34681800 nmethod 5616 0x0000027d20f30510 code [0x0000027d20f306c0, 0x0000027d20f30798]
Event: 3.489 Thread 0x0000027d34681800 5617       2       java.lang.Math::ceil (5 bytes)
Event: 3.489 Thread 0x0000027d34681800 nmethod 5617 0x0000027d20f30810 code [0x0000027d20f30a00, 0x0000027d20f30b08]
Event: 3.489 Thread 0x0000027d34681800 5621       2       org.jetbrains.kotlin.com.intellij.util.containers.Stack::push (7 bytes)
Event: 3.489 Thread 0x0000027d34681800 nmethod 5621 0x0000027d20f30b90 code [0x0000027d20f30d60, 0x0000027d20f31058]
Event: 3.489 Thread 0x0000027d34681800 5618       2       java.lang.StrictMath::ceil (10 bytes)
Event: 3.489 Thread 0x0000027d34681800 nmethod 5618 0x0000027d20f31290 code [0x0000027d20f31480, 0x0000027d20f31588]
Event: 3.489 Thread 0x0000027d34681800 5619       2       java.lang.StrictMath::floorOrCeil (128 bytes)
Event: 3.489 Thread 0x0000027d34681800 nmethod 5619 0x0000027d20f31610 code [0x0000027d20f317c0, 0x0000027d20f31a18]
Event: 3.489 Thread 0x0000027d34681800 5620       2       java.lang.Math::getExponent (17 bytes)
Event: 3.489 Thread 0x0000027d34681800 nmethod 5620 0x0000027d20f31b10 code [0x0000027d20f31cc0, 0x0000027d20f31dd8]
Event: 3.490 Thread 0x0000027d34681800 5622       2       org.jetbrains.kotlin.it.unimi.dsi.fastutil.ints.Int2ObjectOpenHashMap::get (107 bytes)
Event: 3.490 Thread 0x0000027d34681800 nmethod 5622 0x0000027d20f31e90 code [0x0000027d20f32060, 0x0000027d20f32358]
Event: 3.493 Thread 0x0000027d34681800 5623       1       org.jetbrains.kotlin.types.TypeSubstitution::approximateCapturedTypes (2 bytes)
Event: 3.493 Thread 0x0000027d34681800 nmethod 5623 0x0000027d2798be90 code [0x0000027d2798c040, 0x0000027d2798c0f8]
Event: 3.493 Thread 0x0000027d34681800 5624       2       java.util.ArrayList$SubList$1::next (85 bytes)
Event: 3.494 Thread 0x0000027d34681800 nmethod 5624 0x0000027d20f32590 code [0x0000027d20f32780, 0x0000027d20f32b08]
Event: 3.494 Thread 0x0000027d34681800 5625   !   2       org.jetbrains.kotlin.cli.jvm.index.JvmDependenciesDynamicCompoundIndex::findClass (93 bytes)
Event: 3.495 Thread 0x0000027d34681800 nmethod 5625 0x0000027d20f32d90 code [0x0000027d20f33100, 0x0000027d20f33f98]
Event: 3.495 Thread 0x0000027d34681800 5631       2       java.lang.String::getBytes (44 bytes)

GC Heap History (20 events):
Event: 0.772 GC heap before
{Heap before GC invocations=1 (full 0):
 garbage-first heap   total 65536K, used 42068K [0x00000000c0c00000, 0x0000000100000000)
  region size 1024K, 38 young (38912K), 2 survivors (2048K)
 Metaspace       used 18422K, capacity 18638K, committed 18688K, reserved 1067008K
  class space    used 1911K, capacity 2005K, committed 2048K, reserved 1048576K
}
Event: 0.780 GC heap after
{Heap after GC invocations=2 (full 0):
 garbage-first heap   total 65536K, used 8663K [0x00000000c0c00000, 0x0000000100000000)
  region size 1024K, 5 young (5120K), 5 survivors (5120K)
 Metaspace       used 18422K, capacity 18638K, committed 18688K, reserved 1067008K
  class space    used 1911K, capacity 2005K, committed 2048K, reserved 1048576K
}
Event: 0.868 GC heap before
{Heap before GC invocations=2 (full 0):
 garbage-first heap   total 65536K, used 17879K [0x00000000c0c00000, 0x0000000100000000)
  region size 1024K, 15 young (15360K), 5 survivors (5120K)
 Metaspace       used 20872K, capacity 21087K, committed 21296K, reserved 1069056K
  class space    used 2219K, capacity 2312K, committed 2432K, reserved 1048576K
}
Event: 0.877 GC heap after
{Heap after GC invocations=3 (full 0):
 garbage-first heap   total 65536K, used 9569K [0x00000000c0c00000, 0x0000000100000000)
  region size 1024K, 1 young (1024K), 1 survivors (1024K)
 Metaspace       used 20872K, capacity 21087K, committed 21296K, reserved 1069056K
  class space    used 2219K, capacity 2312K, committed 2432K, reserved 1048576K
}
Event: 1.194 GC heap before
{Heap before GC invocations=4 (full 0):
 garbage-first heap   total 65536K, used 35169K [0x00000000c0c00000, 0x0000000100000000)
  region size 1024K, 24 young (24576K), 1 survivors (1024K)
 Metaspace       used 28021K, capacity 28444K, committed 28592K, reserved 1075200K
  class space    used 3072K, capacity 3246K, committed 3328K, reserved 1048576K
}
Event: 1.198 GC heap after
{Heap after GC invocations=5 (full 0):
 garbage-first heap   total 65536K, used 14210K [0x00000000c0c00000, 0x0000000100000000)
  region size 1024K, 3 young (3072K), 3 survivors (3072K)
 Metaspace       used 28021K, capacity 28444K, committed 28592K, reserved 1075200K
  class space    used 3072K, capacity 3246K, committed 3328K, reserved 1048576K
}
Event: 1.483 GC heap before
{Heap before GC invocations=5 (full 0):
 garbage-first heap   total 65536K, used 38786K [0x00000000c0c00000, 0x0000000100000000)
  region size 1024K, 26 young (26624K), 3 survivors (3072K)
 Metaspace       used 32108K, capacity 32568K, committed 32816K, reserved 1077248K
  class space    used 4023K, capacity 4215K, committed 4224K, reserved 1048576K
}
Event: 1.492 GC heap after
{Heap after GC invocations=6 (full 0):
 garbage-first heap   total 78848K, used 20447K [0x00000000c0c00000, 0x0000000100000000)
  region size 1024K, 4 young (4096K), 4 survivors (4096K)
 Metaspace       used 32108K, capacity 32568K, committed 32816K, reserved 1077248K
  class space    used 4023K, capacity 4215K, committed 4224K, reserved 1048576K
}
Event: 1.674 GC heap before
{Heap before GC invocations=6 (full 0):
 garbage-first heap   total 78848K, used 35807K [0x00000000c0c00000, 0x0000000100000000)
  region size 1024K, 20 young (20480K), 4 survivors (4096K)
 Metaspace       used 35353K, capacity 35811K, committed 35920K, reserved 1081344K
  class space    used 4375K, capacity 4571K, committed 4608K, reserved 1048576K
}
Event: 1.681 GC heap after
{Heap after GC invocations=7 (full 0):
 garbage-first heap   total 78848K, used 20179K [0x00000000c0c00000, 0x0000000100000000)
  region size 1024K, 2 young (2048K), 2 survivors (2048K)
 Metaspace       used 35353K, capacity 35811K, committed 35920K, reserved 1081344K
  class space    used 4375K, capacity 4571K, committed 4608K, reserved 1048576K
}
Event: 1.935 GC heap before
{Heap before GC invocations=8 (full 0):
 garbage-first heap   total 78848K, used 44755K [0x00000000c0c00000, 0x0000000100000000)
  region size 1024K, 27 young (27648K), 2 survivors (2048K)
 Metaspace       used 39768K, capacity 40265K, committed 40400K, reserved 1085440K
  class space    used 4774K, capacity 4965K, committed 4992K, reserved 1048576K
}
Event: 1.941 GC heap after
{Heap after GC invocations=9 (full 0):
 garbage-first heap   total 78848K, used 23497K [0x00000000c0c00000, 0x0000000100000000)
  region size 1024K, 4 young (4096K), 4 survivors (4096K)
 Metaspace       used 39768K, capacity 40265K, committed 40400K, reserved 1085440K
  class space    used 4774K, capacity 4965K, committed 4992K, reserved 1048576K
}
Event: 2.318 GC heap before
{Heap before GC invocations=9 (full 0):
 garbage-first heap   total 78848K, used 50121K [0x00000000c0c00000, 0x0000000100000000)
  region size 1024K, 29 young (29696K), 4 survivors (4096K)
 Metaspace       used 46254K, capacity 46786K, committed 47056K, reserved 1091584K
  class space    used 5478K, capacity 5681K, committed 5760K, reserved 1048576K
}
Event: 2.326 GC heap after
{Heap after GC invocations=10 (full 0):
 garbage-first heap   total 78848K, used 27580K [0x00000000c0c00000, 0x0000000100000000)
  region size 1024K, 3 young (3072K), 3 survivors (3072K)
 Metaspace       used 46254K, capacity 46786K, committed 47056K, reserved 1091584K
  class space    used 5478K, capacity 5681K, committed 5760K, reserved 1048576K
}
Event: 2.526 GC heap before
{Heap before GC invocations=10 (full 0):
 garbage-first heap   total 78848K, used 52156K [0x00000000c0c00000, 0x0000000100000000)
  region size 1024K, 27 young (27648K), 3 survivors (3072K)
 Metaspace       used 47780K, capacity 48250K, committed 48464K, reserved 1091584K
  class space    used 5631K, capacity 5823K, committed 5888K, reserved 1048576K
}
Event: 2.536 GC heap after
{Heap after GC invocations=11 (full 0):
 garbage-first heap   total 98304K, used 33608K [0x00000000c0c00000, 0x0000000100000000)
  region size 1024K, 4 young (4096K), 4 survivors (4096K)
 Metaspace       used 47780K, capacity 48250K, committed 48464K, reserved 1091584K
  class space    used 5631K, capacity 5823K, committed 5888K, reserved 1048576K
}
Event: 2.922 GC heap before
{Heap before GC invocations=11 (full 0):
 garbage-first heap   total 98304K, used 63304K [0x00000000c0c00000, 0x0000000100000000)
  region size 1024K, 33 young (33792K), 4 survivors (4096K)
 Metaspace       used 49847K, capacity 50380K, committed 50640K, reserved 1093632K
  class space    used 5765K, capacity 5956K, committed 6016K, reserved 1048576K
}
Event: 2.938 GC heap after
{Heap after GC invocations=12 (full 0):
 garbage-first heap   total 98304K, used 36864K [0x00000000c0c00000, 0x0000000100000000)
  region size 1024K, 4 young (4096K), 4 survivors (4096K)
 Metaspace       used 49847K, capacity 50380K, committed 50640K, reserved 1093632K
  class space    used 5765K, capacity 5956K, committed 6016K, reserved 1048576K
}
Event: 3.251 GC heap before
{Heap before GC invocations=12 (full 0):
 garbage-first heap   total 98304K, used 66560K [0x00000000c0c00000, 0x0000000100000000)
  region size 1024K, 33 young (33792K), 4 survivors (4096K)
 Metaspace       used 50669K, capacity 51193K, committed 51408K, reserved 1095680K
  class space    used 5795K, capacity 5992K, committed 6016K, reserved 1048576K
}
Event: 3.265 GC heap after
{Heap after GC invocations=13 (full 0):
 garbage-first heap   total 98304K, used 41984K [0x00000000c0c00000, 0x0000000100000000)
  region size 1024K, 5 young (5120K), 5 survivors (5120K)
 Metaspace       used 50669K, capacity 51193K, committed 51408K, reserved 1095680K
  class space    used 5795K, capacity 5992K, committed 6016K, reserved 1048576K
}

Deoptimization events (20 events):
Event: 3.463 Thread 0x0000027d1a98b800 Uncommon trap: trap_request=0xffffff4d fr.pc=0x0000027d279296f0 relative=0x0000000000001070
Event: 3.463 Thread 0x0000027d1a98b800 Uncommon trap: reason=unstable_if action=reinterpret pc=0x0000027d279296f0 method=org.jetbrains.kotlin.serialization.deserialization.descriptors.DeserializedMemberScope.getContributedClassifier(Lorg/jetbrains/kotlin/name/Name;Lorg/jetbrains/kotlin/increme
Event: 3.463 Thread 0x0000027d1a98b800 DEOPT PACKING pc=0x0000027d279296f0 sp=0x000000ba90cfac30
Event: 3.463 Thread 0x0000027d1a98b800 DEOPT UNPACKING pc=0x0000027d1fcca1af sp=0x000000ba90cfaba8 mode 2
Event: 3.465 Thread 0x0000027d1a98b800 Uncommon trap: trap_request=0xffffff4d fr.pc=0x0000027d278cd5c0 relative=0x0000000000000c00
Event: 3.465 Thread 0x0000027d1a98b800 Uncommon trap: reason=unstable_if action=reinterpret pc=0x0000027d278cd5c0 method=org.jetbrains.kotlin.metadata.ProtoBuf$Type.getSerializedSize()I @ 176 c2
Event: 3.465 Thread 0x0000027d1a98b800 DEOPT PACKING pc=0x0000027d278cd5c0 sp=0x000000ba90cfa6d0
Event: 3.465 Thread 0x0000027d1a98b800 DEOPT UNPACKING pc=0x0000027d1fcca1af sp=0x000000ba90cfa690 mode 2
Event: 3.483 Thread 0x0000027d1a98b800 Uncommon trap: trap_request=0xffffff4d fr.pc=0x0000027d2779cc60 relative=0x00000000000007c0
Event: 3.483 Thread 0x0000027d1a98b800 Uncommon trap: reason=unstable_if action=reinterpret pc=0x0000027d2779cc60 method=java.util.HashMap.hash(Ljava/lang/Object;)I @ 1 c2
Event: 3.483 Thread 0x0000027d1a98b800 DEOPT PACKING pc=0x0000027d2779cc60 sp=0x000000ba90cfcb70
Event: 3.483 Thread 0x0000027d1a98b800 DEOPT UNPACKING pc=0x0000027d1fcca1af sp=0x000000ba90cfcae8 mode 2
Event: 3.483 Thread 0x0000027d1a98b800 Uncommon trap: trap_request=0xffffff4d fr.pc=0x0000027d277a07ac relative=0x000000000000008c
Event: 3.483 Thread 0x0000027d1a98b800 Uncommon trap: reason=unstable_if action=reinterpret pc=0x0000027d277a07ac method=java.util.HashMap.hash(Ljava/lang/Object;)I @ 1 c2
Event: 3.483 Thread 0x0000027d1a98b800 DEOPT PACKING pc=0x0000027d277a07ac sp=0x000000ba90cfcb40
Event: 3.483 Thread 0x0000027d1a98b800 DEOPT UNPACKING pc=0x0000027d1fcca1af sp=0x000000ba90cfcad8 mode 2
Event: 3.489 Thread 0x0000027d1a98b800 Uncommon trap: trap_request=0xffffff4d fr.pc=0x0000027d2775b69c relative=0x000000000000055c
Event: 3.489 Thread 0x0000027d1a98b800 Uncommon trap: reason=unstable_if action=reinterpret pc=0x0000027d2775b69c method=java.lang.AbstractStringBuilder.append(Ljava/lang/String;)Ljava/lang/AbstractStringBuilder; @ 1 c2
Event: 3.489 Thread 0x0000027d1a98b800 DEOPT PACKING pc=0x0000027d2775b69c sp=0x000000ba90cfd910
Event: 3.489 Thread 0x0000027d1a98b800 DEOPT UNPACKING pc=0x0000027d1fcca1af sp=0x000000ba90cfd8e8 mode 2

Classes redefined (0 events):
No events

Internal exceptions (20 events):
Event: 1.078 Thread 0x0000027d1a98b800 Exception <a 'sun/nio/fs/WindowsException'{0x00000000c3d59720}> (0x00000000c3d59720) thrown at [./src/hotspot/share/prims/jni.cpp, line 615]
Event: 1.078 Thread 0x0000027d1a98b800 Exception <a 'sun/nio/fs/WindowsException'{0x00000000c3d5a040}> (0x00000000c3d5a040) thrown at [./src/hotspot/share/prims/jni.cpp, line 615]
Event: 1.078 Thread 0x0000027d1a98b800 Exception <a 'sun/nio/fs/WindowsException'{0x00000000c3d5a9b0}> (0x00000000c3d5a9b0) thrown at [./src/hotspot/share/prims/jni.cpp, line 615]
Event: 1.079 Thread 0x0000027d1a98b800 Exception <a 'java/lang/NoSuchMethodError'{0x00000000c3d61408}: 'void java.lang.invoke.DirectMethodHandle$Holder.invokeStatic(java.lang.Object, java.lang.Object, java.lang.Object, java.lang.Object)'> (0x00000000c3d61408) thrown at [./src/hotspot/share/interpreter/linkResolver.cpp, line 773]
Event: 1.120 Thread 0x0000027d1a98b800 Exception <a 'java/lang/NoSuchMethodError'{0x00000000c3943b90}: 'void java.lang.invoke.DirectMethodHandle$Holder.invokeStaticInit(java.lang.Object, java.lang.Object)'> (0x00000000c3943b90) thrown at [./src/hotspot/share/interpreter/linkResolver.cpp, line 773]
Event: 1.172 Thread 0x0000027d1a98b800 Exception <a 'java/lang/NoSuchMethodError'{0x00000000c356a090}: 'void java.lang.invoke.DirectMethodHandle$Holder.invokeVirtual(java.lang.Object, java.lang.Object)'> (0x00000000c356a090) thrown at [./src/hotspot/share/interpreter/linkResolver.cpp, line 773]
Event: 1.178 Thread 0x0000027d1a98b800 Exception <a 'java/lang/NoSuchMethodError'{0x00000000c35dc800}: 'int java.lang.invoke.DirectMethodHandle$Holder.invokeVirtual(java.lang.Object, java.lang.Object)'> (0x00000000c35dc800) thrown at [./src/hotspot/share/interpreter/linkResolver.cpp, line 773]
Event: 1.596 Thread 0x0000027d1a98b800 Exception <a 'java/lang/NoSuchMethodError'{0x00000000c4f5e5b8}: 'java.lang.Object java.lang.invoke.DirectMethodHandle$Holder.invokeVirtual(java.lang.Object, java.lang.Object, java.lang.Object)'> (0x00000000c4f5e5b8) thrown at [./src/hotspot/share/interpreter/linkResolver.cpp, line 773]
Event: 2.050 Thread 0x0000027d1a98b800 Exception <a 'java/lang/NoSuchMethodError'{0x00000000c503ae70}: 'java.lang.Object java.lang.invoke.Invokers$Holder.linkToTargetMethod(java.lang.Object, int, java.lang.Object)'> (0x00000000c503ae70) thrown at [./src/hotspot/share/interpreter/linkResolver.cpp, line 773]
Event: 2.086 Thread 0x0000027d1a98b800 Implicit null exception at 0x0000027d2786accc to 0x0000027d2786ada8
Event: 2.119 Thread 0x0000027d1a98b800 Exception <a 'java/lang/NoSuchMethodError'{0x00000000c4d8ba20}: 'java.lang.Object java.lang.invoke.DirectMethodHandle$Holder.invokeStatic(java.lang.Object, java.lang.Object, java.lang.Object, int)'> (0x00000000c4d8ba20) thrown at [./src/hotspot/share/interpreter/linkResolver.cpp, line 773]
Event: 2.119 Thread 0x0000027d1a98b800 Exception <a 'java/lang/NoSuchMethodError'{0x00000000c4d8f690}: 'java.lang.Object java.lang.invoke.DirectMethodHandle$Holder.invokeSpecial(java.lang.Object, java.lang.Object, java.lang.Object, java.lang.Object, int)'> (0x00000000c4d8f690) thrown at [./src/hotspot/share/interpreter/linkResolver.cpp, line 773]
Event: 2.119 Thread 0x0000027d1a98b800 Exception <a 'java/lang/NoSuchMethodError'{0x00000000c4d929a0}: 'java.lang.Object java.lang.invoke.Invokers$Holder.linkToTargetMethod(java.lang.Object, java.lang.Object, int, java.lang.Object)'> (0x00000000c4d929a0) thrown at [./src/hotspot/share/interpreter/linkResolver.cpp, line 773]
Event: 2.728 Thread 0x0000027d1a98b800 Exception <a 'java/lang/NoSuchMethodError'{0x00000000c58054f8}: 'java.lang.Object java.lang.invoke.DirectMethodHandle$Holder.invokeStaticInit(java.lang.Object, java.lang.Object, java.lang.Object)'> (0x00000000c58054f8) thrown at [./src/hotspot/share/interpreter/linkResolver.cpp, line 773]
Event: 2.971 Thread 0x0000027d1a98b800 Implicit null exception at 0x0000027d278e29d5 to 0x0000027d278e312c
Event: 3.333 Thread 0x0000027d1a98b800 Exception <a 'java/lang/NoSuchMethodError'{0x00000000c64203c0}: 'java.lang.Object java.lang.invoke.Invokers$Holder.linkToTargetMethod(java.lang.Object, java.lang.Object, java.lang.Object, java.lang.Object, java.lang.Object, java.lang.Object)'> (0x00000000c64203c0) thrown at [./src/hotspot/share/interpreter/linkResolver.cpp, line 773]
Event: 3.475 Thread 0x0000027d1a98b800 Exception <a 'java/lang/NoSuchMethodError'{0x00000000c54ea570}: 'java.lang.Object java.lang.invoke.Invokers$Holder.linkToTargetMethod(java.lang.Object, java.lang.Object, java.lang.Object, int, int, java.lang.Object)'> (0x00000000c54ea570) thrown at [./src/hotspot/share/interpreter/linkResolver.cpp, line 773]
Event: 3.483 Thread 0x0000027d1a98b800 Implicit null exception at 0x0000027d2779c4de to 0x0000027d2779cc4a
Event: 3.483 Thread 0x0000027d1a98b800 Implicit null exception at 0x0000027d277a072f to 0x0000027d277a079d
Event: 3.489 Thread 0x0000027d1a98b800 Implicit null exception at 0x0000027d2775b174 to 0x0000027d2775b680

Events (20 events):
Event: 3.487 loading class org/jetbrains/kotlin/com/intellij/openapi/fileTypes/FileType
Event: 3.487 loading class org/jetbrains/kotlin/com/intellij/openapi/fileTypes/FileType done
Event: 3.487 loading class org/jetbrains/kotlin/com/intellij/util/ThreeState
Event: 3.487 loading class org/jetbrains/kotlin/com/intellij/util/ThreeState done
Event: 3.488 loading class org/jetbrains/kotlin/parsing/BindFirstShebangWithWhitespaceOnly
Event: 3.488 loading class org/jetbrains/kotlin/parsing/BindFirstShebangWithWhitespaceOnly done
Event: 3.489 loading class org/jetbrains/kotlin/types/expressions/FakeCallResolver$makeAndResolveFakeCallInContext$1
Event: 3.489 loading class org/jetbrains/kotlin/types/expressions/FakeCallResolver$makeAndResolveFakeCallInContext$1 done
Event: 3.490 loading class org/jetbrains/kotlin/com/intellij/psi/impl/source/tree/Factory
Event: 3.490 loading class org/jetbrains/kotlin/com/intellij/psi/impl/source/tree/Factory done
Event: 3.490 loading class org/jetbrains/kotlin/com/intellij/psi/impl/source/tree/PsiErrorElementImpl
Event: 3.490 loading class org/jetbrains/kotlin/com/intellij/psi/impl/source/tree/PsiErrorElementImpl done
Event: 3.491 loading class org/jetbrains/kotlin/resolve/calls/util/CallMaker$ExpressionValueArgument
Event: 3.491 loading class org/jetbrains/kotlin/resolve/calls/util/CallMaker$ExpressionValueArgument done
Event: 3.491 loading class org/jetbrains/kotlin/resolve/calls/smartcasts/IdentifierInfo$Expression
Event: 3.491 loading class org/jetbrains/kotlin/resolve/calls/smartcasts/IdentifierInfo$Expression done
Event: 3.491 loading class org/jetbrains/kotlin/resolve/calls/tasks/TracingStrategy$1
Event: 3.491 loading class org/jetbrains/kotlin/resolve/calls/tasks/TracingStrategy$1 done
Event: 3.492 loading class org/jetbrains/kotlin/resolve/calls/model/ResolvedCallImpl
Event: 3.492 loading class org/jetbrains/kotlin/resolve/calls/model/ResolvedCallImpl done


Dynamic libraries:
0x00007ff693590000 - 0x00007ff69359a000 	D:\AS\jre\bin\java.exe
0x00007ffce6130000 - 0x00007ffce6328000 	C:\WINDOWS\SYSTEM32\ntdll.dll
0x00007ffce4e40000 - 0x00007ffce4efd000 	C:\WINDOWS\System32\KERNEL32.DLL
0x00007ffce3a10000 - 0x00007ffce3cde000 	C:\WINDOWS\System32\KERNELBASE.dll
0x00007ffce4090000 - 0x00007ffce4190000 	C:\WINDOWS\System32\ucrtbase.dll
0x00007ffcce8e0000 - 0x00007ffcce8f9000 	D:\AS\jre\bin\jli.dll
0x00007ffccc580000 - 0x00007ffccc597000 	D:\AS\jre\bin\VCRUNTIME140.dll
0x00007ffce4b40000 - 0x00007ffce4ce0000 	C:\WINDOWS\System32\USER32.dll
0x00007ffce3850000 - 0x00007ffce3872000 	C:\WINDOWS\System32\win32u.dll
0x00007ffce4e10000 - 0x00007ffce4e3a000 	C:\WINDOWS\System32\GDI32.dll
0x00007ffcc6cd0000 - 0x00007ffcc6f6a000 	C:\WINDOWS\WinSxS\amd64_microsoft.windows.common-controls_6595b64144ccf1df_6.0.19041.1110_none_60b5254171f9507e\COMCTL32.dll
0x00007ffce3d90000 - 0x00007ffce3e9b000 	C:\WINDOWS\System32\gdi32full.dll
0x00007ffce4980000 - 0x00007ffce4a1e000 	C:\WINDOWS\System32\msvcrt.dll
0x00007ffce38b0000 - 0x00007ffce394d000 	C:\WINDOWS\System32\msvcp_win.dll
0x00007ffce5ee0000 - 0x00007ffce5f10000 	C:\WINDOWS\System32\IMM32.DLL
0x00007ffcbc6d0000 - 0x00007ffcbc76d000 	D:\AS\jre\bin\msvcp140.dll
0x00007ffc85ff0000 - 0x00007ffc86ad5000 	D:\AS\jre\bin\server\jvm.dll
0x00007ffce5810000 - 0x00007ffce58be000 	C:\WINDOWS\System32\ADVAPI32.dll
0x00007ffce5f70000 - 0x00007ffce600c000 	C:\WINDOWS\System32\sechost.dll
0x00007ffce5200000 - 0x00007ffce5325000 	C:\WINDOWS\System32\RPCRT4.dll
0x00007ffce48f0000 - 0x00007ffce48f8000 	C:\WINDOWS\System32\PSAPI.DLL
0x00007ffcd9030000 - 0x00007ffcd9057000 	C:\WINDOWS\SYSTEM32\WINMM.dll
0x00007ffcc3fe0000 - 0x00007ffcc3fe9000 	C:\WINDOWS\SYSTEM32\WSOCK32.dll
0x00007ffcdf060000 - 0x00007ffcdf06a000 	C:\WINDOWS\SYSTEM32\VERSION.dll
0x00007ffce4ad0000 - 0x00007ffce4b3b000 	C:\WINDOWS\System32\WS2_32.dll
0x00007ffce1770000 - 0x00007ffce1782000 	C:\WINDOWS\SYSTEM32\kernel.appcore.dll
0x00007ffcdefb0000 - 0x00007ffcdefc1000 	D:\AS\jre\bin\verify.dll
0x00007ffcdbe80000 - 0x00007ffcdc064000 	C:\WINDOWS\SYSTEM32\DBGHELP.DLL
0x00007ffcdc070000 - 0x00007ffcdc09c000 	C:\WINDOWS\SYSTEM32\dbgcore.DLL
0x00007ffce3ea0000 - 0x00007ffce3f22000 	C:\WINDOWS\System32\bcryptPrimitives.dll
0x00007ffcd2140000 - 0x00007ffcd2169000 	D:\AS\jre\bin\java.dll
0x00007ffcdf550000 - 0x00007ffcdf55b000 	D:\AS\jre\bin\jimage.dll
0x00007ffcdedb0000 - 0x00007ffcdedc8000 	D:\AS\jre\bin\zip.dll
0x00007ffce4190000 - 0x00007ffce48d4000 	C:\WINDOWS\System32\SHELL32.dll
0x00007ffce1970000 - 0x00007ffce2104000 	C:\WINDOWS\SYSTEM32\windows.storage.dll
0x00007ffce5330000 - 0x00007ffce5684000 	C:\WINDOWS\System32\combase.dll
0x00007ffce31e0000 - 0x00007ffce3210000 	C:\WINDOWS\SYSTEM32\Wldp.dll
0x00007ffce50c0000 - 0x00007ffce516d000 	C:\WINDOWS\System32\SHCORE.dll
0x00007ffce6030000 - 0x00007ffce6085000 	C:\WINDOWS\System32\shlwapi.dll
0x00007ffce3790000 - 0x00007ffce37af000 	C:\WINDOWS\SYSTEM32\profapi.dll
0x00007ffcdd930000 - 0x00007ffcdd94a000 	D:\AS\jre\bin\net.dll
0x00007ffcdc430000 - 0x00007ffcdc53a000 	C:\WINDOWS\SYSTEM32\WINHTTP.dll
0x00007ffce2f40000 - 0x00007ffce2faa000 	C:\WINDOWS\system32\mswsock.dll
0x00007ffcd2120000 - 0x00007ffcd2134000 	D:\AS\jre\bin\nio.dll

dbghelp: loaded successfully - version: 4.0.5 - missing functions: none
symbol engine: initialized successfully - sym options: 0x614 - pdb path: .;D:\AS\jre\bin;C:\WINDOWS\SYSTEM32;C:\WINDOWS\WinSxS\amd64_microsoft.windows.common-controls_6595b64144ccf1df_6.0.19041.1110_none_60b5254171f9507e;D:\AS\jre\bin\server

VM Arguments:
java_command: org.jetbrains.kotlin.cli.jvm.K2JVMCompiler @C:\Users\ochuhvitskyy\AndroidStudioProjects\Clean\app\build\20220920_17239523832308721505.compiler.options
java_class_path (initial): C:\Users\ochuhvitskyy\.gradle\caches\modules-2\files-2.1\org.jetbrains.kotlin\kotlin-compiler-embeddable\1.6.10\88f2073f4020cdb83132cfe940ceb9a60aba54ea\kotlin-compiler-embeddable-1.6.10.jar;C:\Users\ochuhvitskyy\.gradle\caches\modules-2\files-2.1\org.jetbrains.kotlin\kotlin-reflect\1.6.10\1cbe9c92c12a94eea200d23c2bbaedaf3daf5132\kotlin-reflect-1.6.10.jar;C:\Users\ochuhvitskyy\.gradle\caches\modules-2\files-2.1\org.jetbrains.kotlin\kotlin-stdlib\1.6.10\b8af3fe6f1ca88526914929add63cf5e7c5049af\kotlin-stdlib-1.6.10.jar;C:\Users\ochuhvitskyy\.gradle\caches\modules-2\files-2.1\org.jetbrains.kotlin\kotlin-script-runtime\1.6.10\d0a7ff2e2500ef497ed0214ae40ad3c8387a6164\kotlin-script-runtime-1.6.10.jar;C:\Users\ochuhvitskyy\.gradle\caches\modules-2\files-2.1\org.jetbrains.kotlin\kotlin-daemon-embeddable\1.6.10\a56d79bcbea411fa6058e4ecffc2de73e742bd2a\kotlin-daemon-embeddable-1.6.10.jar;C:\Users\ochuhvitskyy\.gradle\caches\modules-2\files-2.1\org.jetbrains.intellij.deps\trove4j\1.0.20181211\216c2e14b070f334479d800987affe4054cd563f\trove4j-1.0.20181211.jar;C:\Users\ochuhvitskyy\.gradle\caches\modules-2\files-2.1\net.java.dev.jna\jna\5.6.0\330f2244e9030119ab3030fc3fededc86713d9cc\jna-5.6.0.jar;C:\Users\ochuhvitskyy\.gradle\caches\modules-2\files-2.1\org.jetbrains\annotations\13.0\919f0dfe192fb4e063e7dacadee7f8bb9a2672a9\annotations-13.0.jar;C:\Users\ochuhvitskyy\.gradle\caches\modules-2\files-2.1\org.jetbrains.kotlin\kotlin-stdlib-common\1.6.10\c118700e3a33c8a0d9adc920e9dec0831171925\kotlin-stdlib-common-1.6.10.jar
Launcher Type: SUN_STANDARD

[Global flags]
     intx CICompilerCount                          = 3                                         {product} {ergonomic}
     uint ConcGCThreads                            = 1                                         {product} {ergonomic}
     uint G1ConcRefinementThreads                  = 4                                         {product} {ergonomic}
   size_t G1HeapRegionSize                         = 1048576                                   {product} {ergonomic}
    uintx GCDrainStackTargetSize                   = 64                                        {product} {ergonomic}
   size_t InitialHeapSize                          = 67108864                                  {product} {ergonomic}
   size_t MarkStackSize                            = 4194304                                   {product} {ergonomic}
   size_t MaxHeapSize                              = 1061158912                                {product} {ergonomic}
   size_t MaxNewSize                               = 636485632                                 {product} {ergonomic}
   size_t MinHeapDeltaBytes                        = 1048576                                   {product} {ergonomic}
    uintx NonNMethodCodeHeapSize                   = 5830732                                {pd product} {ergonomic}
    uintx NonProfiledCodeHeapSize                  = 122913754                              {pd product} {ergonomic}
    uintx ProfiledCodeHeapSize                     = 122913754                              {pd product} {ergonomic}
    uintx ReservedCodeCacheSize                    = 251658240                              {pd product} {ergonomic}
     bool SegmentedCodeCache                       = true                                      {product} {ergonomic}
     bool UseCompressedClassPointers               = true                                 {lp64_product} {ergonomic}
     bool UseCompressedOops                        = true                                 {lp64_product} {ergonomic}
     bool UseG1GC                                  = true                                      {product} {ergonomic}
     bool UseLargePagesIndividualAllocation        = false                                  {pd product} {ergonomic}

Logging:
Log output configuration:
 #0: stdout all=warning uptime,level,tags
 #1: stderr all=off uptime,level,tags

Environment Variables:
PATH=C:\Program Files\Common Files\Oracle\Java\javapath;C:\Program Files (x86)\NVIDIA Corporation\PhysX\Common;C:\WINDOWS\system32;C:\WINDOWS;C:\WINDOWS\System32\Wbem;C:\WINDOWS\System32\WindowsPowerShell\v1.0\;C:\WINDOWS\System32\OpenSSH\;C:\Program Files (x86)\Windows Kits\8.1\Windows Performance Toolkit\;C:\Program Files (x86)\IVI Foundation\VISA\WinNT\Bin;C:\Program Files\IVI Foundation\VISA\Win64\Bin\;C:\VISA\WinNTBin;C:\Program Files\Git\cmd;C:\Users\ochuhvitskyy\AppData\Local\Microsoft\WindowsApps;C:\Users\ochuhvitskyy\AppData\Local\GitHubDesktop\bin
USERNAME=ochuhvitskyy
OS=Windows_NT
PROCESSOR_IDENTIFIER=Intel64 Family 6 Model 158 Stepping 11, GenuineIntel



---------------  S Y S T E M  ---------------

OS: Windows 10 , 64 bit Build 19041 (10.0.19041.1889)
OS uptime: 0 days 20:45 hours

CPU:total 4 (initial active 4) (4 cores per cpu, 1 threads per core) family 6 model 158 stepping 11 microcode 0xb4, cmov, cx8, fxsr, mmx, sse, sse2, sse3, ssse3, sse4.1, sse4.2, popcnt, avx, avx2, aes, clmul, erms, 3dnowpref, lzcnt, tsc, tscinvbit, bmi1, bmi2, adx, fma

Memory: 4k page, system-wide physical 4044M (755M free)
TotalPageFile size 8140M (AvailPageFile size 4M)
current process WorkingSet (physical memory assigned to process): 263M, peak: 263M
current process commit charge ("private bytes"): 290M, peak: 291M

vm_info: OpenJDK 64-Bit Server VM (11.0.12+7-b1504.28-7817840) for windows-amd64 JRE (11.0.12+7-b1504.28-7817840), built on Oct 13 2021 22:12:33 by "builder" with MS VC++ 14.0 (VS2015)

END.
